# JRE version: OpenJDK Runtime Environment (11.0.11+9) (build 11.0.11+9-b60-7590822)
# Java VM: OpenJDK 64-Bit Server VM (11.0.11+9-b60-7590822, mixed mode, tiered, compressed oops, g1 gc, windows-amd64)
Heap:
 garbage-first heap   total 189440K, used 138544K [0x0000000080000000, 0x0000000100000000)
  region size 1024K, 81 young (82944K), 10 survivors (10240K)
 Metaspace       used 78910K, capacity 80699K, committed 80972K, reserved 1120256K
  class space    used 10293K, capacity 10968K, committed 11084K, reserved 1048576K
GC Heap History (20 events):
Event: 5.012 GC heap before
{Heap before GC invocations=4 (full 0):
 garbage-first heap   total 131072K, used 42940K [0x0000000080000000, 0x0000000100000000)
  region size 1024K, 33 young (33792K), 6 survivors (6144K)
 Metaspace       used 20654K, capacity 21079K, committed 21248K, reserved 1067008K
  class space    used 2538K, capacity 2693K, committed 2816K, reserved 1048576K
}
Event: 5.022 GC heap after
{Heap after GC invocations=5 (full 0):
 garbage-first heap   total 131072K, used 17516K [0x0000000080000000, 0x0000000100000000)
  region size 1024K, 2 young (2048K), 2 survivors (2048K)
 Metaspace       used 20654K, capacity 21079K, committed 21248K, reserved 1067008K
  class space    used 2538K, capacity 2693K, committed 2816K, reserved 1048576K
}
Event: 6.398 GC heap before
{Heap before GC invocations=6 (full 0):
 garbage-first heap   total 131072K, used 66668K [0x0000000080000000, 0x0000000100000000)
  region size 1024K, 50 young (51200K), 2 survivors (2048K)
 Metaspace       used 25735K, capacity 26331K, committed 26368K, reserved 1073152K
  class space    used 3358K, capacity 3578K, committed 3584K, reserved 1048576K
}
Event: 6.404 GC heap after
{Heap after GC invocations=7 (full 0):
 garbage-first heap   total 131072K, used 19272K [0x0000000080000000, 0x0000000100000000)
  region size 1024K, 3 young (3072K), 3 survivors (3072K)
 Metaspace       used 25735K, capacity 26331K, committed 26368K, reserved 1073152K
  class space    used 3358K, capacity 3578K, committed 3584K, reserved 1048576K
}
Event: 8.391 GC heap before
{Heap before GC invocations=7 (full 0):
 garbage-first heap   total 131072K, used 81736K [0x0000000080000000, 0x0000000100000000)
  region size 1024K, 65 young (66560K), 3 survivors (3072K)
 Metaspace       used 35009K, capacity 35790K, committed 35840K, reserved 1081344K
  class space    used 4553K, capacity 4863K, committed 4864K, reserved 1048576K
}
Event: 8.408 GC heap after
{Heap after GC invocations=8 (full 0):
 garbage-first heap   total 131072K, used 22893K [0x0000000080000000, 0x0000000100000000)
  region size 1024K, 7 young (7168K), 7 survivors (7168K)
 Metaspace       used 35009K, capacity 35790K, committed 35840K, reserved 1081344K
  class space    used 4553K, capacity 4863K, committed 4864K, reserved 1048576K
}
Event: 10.718 GC heap before
{Heap before GC invocations=9 (full 0):
 garbage-first heap   total 131072K, used 89453K [0x0000000080000000, 0x0000000100000000)
  region size 1024K, 70 young (71680K), 7 survivors (7168K)
 Metaspace       used 39864K, capacity 40795K, committed 41036K, reserved 1085440K
  class space    used 5096K, capacity 5438K, committed 5452K, reserved 1048576K
}
Event: 10.745 GC heap after
{Heap after GC invocations=10 (full 0):
 garbage-first heap   total 157696K, used 28078K [0x0000000080000000, 0x0000000100000000)
  region size 1024K, 9 young (9216K), 9 survivors (9216K)
 Metaspace       used 39864K, capacity 40795K, committed 41036K, reserved 1085440K
  class space    used 5096K, capacity 5438K, committed 5452K, reserved 1048576K
}
Event: 12.673 GC heap before
{Heap before GC invocations=10 (full 0):
 garbage-first heap   total 157696K, used 104878K [0x0000000080000000, 0x0000000100000000)
  region size 1024K, 84 young (86016K), 9 survivors (9216K)
 Metaspace       used 46311K, capacity 47364K, committed 47564K, reserved 1091584K
  class space    used 5958K, capacity 6340K, committed 6348K, reserved 1048576K
}
Event: 12.691 GC heap after
{Heap after GC invocations=11 (full 0):
 garbage-first heap   total 157696K, used 30471K [0x0000000080000000, 0x0000000100000000)
  region size 1024K, 8 young (8192K), 8 survivors (8192K)
 Metaspace       used 46311K, capacity 47364K, committed 47564K, reserved 1091584K
  class space    used 5958K, capacity 6340K, committed 6348K, reserved 1048576K
}
Event: 15.364 GC heap before
{Heap before GC invocations=11 (full 0):
 garbage-first heap   total 157696K, used 124679K [0x0000000080000000, 0x0000000100000000)
  region size 1024K, 92 young (94208K), 8 survivors (8192K)
 Metaspace       used 51652K, capacity 52927K, committed 53196K, reserved 1095680K
  class space    used 6574K, capacity 7045K, committed 7116K, reserved 1048576K
}
Event: 15.387 GC heap after
{Heap after GC invocations=12 (full 0):
 garbage-first heap   total 157696K, used 50332K [0x0000000080000000, 0x0000000100000000)
  region size 1024K, 12 young (12288K), 12 survivors (12288K)
 Metaspace       used 51652K, capacity 52927K, committed 53196K, reserved 1095680K
  class space    used 6574K, capacity 7045K, committed 7116K, reserved 1048576K
}
Event: 16.956 GC heap before
{Heap before GC invocations=12 (full 0):
 garbage-first heap   total 157696K, used 95388K [0x0000000080000000, 0x0000000100000000)
  region size 1024K, 57 young (58368K), 12 survivors (12288K)
 Metaspace       used 58608K, capacity 60080K, committed 60236K, reserved 1101824K
  class space    used 7447K, capacity 7975K, committed 8012K, reserved 1048576K
}
Event: 16.988 GC heap after
{Heap after GC invocations=13 (full 0):
 garbage-first heap   total 157696K, used 53169K [0x0000000080000000, 0x0000000100000000)
  region size 1024K, 3 young (3072K), 3 survivors (3072K)
 Metaspace       used 58608K, capacity 60080K, committed 60236K, reserved 1101824K
  class space    used 7447K, capacity 7975K, committed 8012K, reserved 1048576K
}
Event: 18.955 GC heap before
{Heap before GC invocations=14 (full 0):
 garbage-first heap   total 157696K, used 110513K [0x0000000080000000, 0x0000000100000000)
  region size 1024K, 59 young (60416K), 3 survivors (3072K)
 Metaspace       used 64044K, capacity 65576K, committed 65868K, reserved 1105920K
  class space    used 8112K, capacity 8687K, committed 8780K, reserved 1048576K
}
Event: 18.970 GC heap after
{Heap after GC invocations=15 (full 0):
 garbage-first heap   total 189440K, used 58199K [0x0000000080000000, 0x0000000100000000)
  region size 1024K, 8 young (8192K), 8 survivors (8192K)
 Metaspace       used 64044K, capacity 65576K, committed 65868K, reserved 1105920K
  class space    used 8112K, capacity 8687K, committed 8780K, reserved 1048576K
}
Event: 20.943 GC heap before
{Heap before GC invocations=15 (full 0):
 garbage-first heap   total 189440K, used 128855K [0x0000000080000000, 0x0000000100000000)
  region size 1024K, 77 young (78848K), 8 survivors (8192K)
 Metaspace       used 67223K, capacity 68844K, committed 69068K, reserved 1110016K
  class space    used 8537K, capacity 9152K, committed 9164K, reserved 1048576K
}
Event: 20.962 GC heap after
{Heap after GC invocations=16 (full 0):
 garbage-first heap   total 189440K, used 62563K [0x0000000080000000, 0x0000000100000000)
  region size 1024K, 6 young (6144K), 6 survivors (6144K)
 Metaspace       used 67223K, capacity 68844K, committed 69068K, reserved 1110016K
  class space    used 8537K, capacity 9152K, committed 9164K, reserved 1048576K
}
Event: 23.150 GC heap before
{Heap before GC invocations=16 (full 0):
 garbage-first heap   total 189440K, used 134243K [0x0000000080000000, 0x0000000100000000)
  region size 1024K, 76 young (77824K), 6 survivors (6144K)
 Metaspace       used 73110K, capacity 74768K, committed 74956K, reserved 1114112K
  class space    used 9446K, capacity 10056K, committed 10188K, reserved 1048576K
}
Event: 23.172 GC heap after
{Heap after GC invocations=17 (full 0):
 garbage-first heap   total 189440K, used 66864K [0x0000000080000000, 0x0000000100000000)
  region size 1024K, 10 young (10240K), 10 survivors (10240K)
 Metaspace       used 73110K, capacity 74768K, committed 74956K, reserved 1114112K
  class space    used 9446K, capacity 10056K, committed 10188K, reserved 1048576K
}

