# JRE version: OpenJDK Runtime Environment (11.0.11+9) (build 11.0.11+9-b60-7590822)
# Java VM: OpenJDK 64-Bit Server VM (11.0.11+9-b60-7590822, mixed mode, tiered, compressed oops, g1 gc, windows-amd64)
Heap:
 garbage-first heap   total 259072K, used 181248K [0x0000000080000000, 0x0000000100000000)
  region size 1024K, 61 young (62464K), 6 survivors (6144K)
 Metaspace       used 125698K, capacity 129367K, committed 129484K, reserved 1161216K
  class space    used 15931K, capacity 17296K, committed 17356K, reserved 1048576K
GC Heap History (20 events):
Event: 2393.695 GC heap before
{Heap before GC invocations=67 (full 0):
 garbage-first heap   total 259072K, used 193018K [0x0000000080000000, 0x0000000100000000)
  region size 1024K, 82 young (83968K), 2 survivors (2048K)
 Metaspace       used 105217K, capacity 107763K, committed 107980K, reserved 1142784K
  class space    used 13298K, capacity 14256K, committed 14284K, reserved 1048576K
}
Event: 2393.702 GC heap after
{Heap after GC invocations=68 (full 0):
 garbage-first heap   total 259072K, used 111603K [0x0000000080000000, 0x0000000100000000)
  region size 1024K, 2 young (2048K), 2 survivors (2048K)
 Metaspace       used 105217K, capacity 107763K, committed 107980K, reserved 1142784K
  class space    used 13298K, capacity 14256K, committed 14284K, reserved 1048576K
}
Event: 2393.955 GC heap before
{Heap before GC invocations=68 (full 0):
 garbage-first heap   total 259072K, used 120819K [0x0000000080000000, 0x0000000100000000)
  region size 1024K, 12 young (12288K), 2 survivors (2048K)
 Metaspace       used 107714K, capacity 110381K, committed 110668K, reserved 1144832K
  class space    used 13624K, capacity 14577K, committed 14668K, reserved 1048576K
}
Event: 2393.965 GC heap after
{Heap after GC invocations=69 (full 0):
 garbage-first heap   total 259072K, used 105154K [0x0000000080000000, 0x0000000100000000)
  region size 1024K, 2 young (2048K), 2 survivors (2048K)
 Metaspace       used 107714K, capacity 110381K, committed 110668K, reserved 1144832K
  class space    used 13624K, capacity 14577K, committed 14668K, reserved 1048576K
}
Event: 2394.153 GC heap before
{Heap before GC invocations=69 (full 0):
 garbage-first heap   total 259072K, used 108226K [0x0000000080000000, 0x0000000100000000)
  region size 1024K, 6 young (6144K), 2 survivors (2048K)
 Metaspace       used 108688K, capacity 111381K, committed 111436K, reserved 1146880K
  class space    used 13699K, capacity 14656K, committed 14668K, reserved 1048576K
}
Event: 2394.162 GC heap after
{Heap after GC invocations=70 (full 0):
 garbage-first heap   total 259072K, used 105317K [0x0000000080000000, 0x0000000100000000)
  region size 1024K, 2 young (2048K), 2 survivors (2048K)
 Metaspace       used 108688K, capacity 111381K, committed 111436K, reserved 1146880K
  class space    used 13699K, capacity 14656K, committed 14668K, reserved 1048576K
}
Event: 2398.877 GC heap before
{Heap before GC invocations=71 (full 0):
 garbage-first heap   total 259072K, used 186213K [0x0000000080000000, 0x0000000100000000)
  region size 1024K, 80 young (81920K), 2 survivors (2048K)
 Metaspace       used 111623K, capacity 114510K, committed 114636K, reserved 1148928K
  class space    used 13982K, capacity 15013K, committed 15052K, reserved 1048576K
}
Event: 2398.893 GC heap after
{Heap after GC invocations=72 (full 0):
 garbage-first heap   total 259072K, used 111455K [0x0000000080000000, 0x0000000100000000)
  region size 1024K, 6 young (6144K), 6 survivors (6144K)
 Metaspace       used 111623K, capacity 114510K, committed 114636K, reserved 1148928K
  class space    used 13982K, capacity 15013K, committed 15052K, reserved 1048576K
}
Event: 2399.261 GC heap before
{Heap before GC invocations=72 (full 0):
 garbage-first heap   total 259072K, used 116575K [0x0000000080000000, 0x0000000100000000)
  region size 1024K, 12 young (12288K), 6 survivors (6144K)
 Metaspace       used 111623K, capacity 114510K, committed 114636K, reserved 1148928K
  class space    used 13982K, capacity 15013K, committed 15052K, reserved 1048576K
}
Event: 2399.272 GC heap after
{Heap after GC invocations=73 (full 0):
 garbage-first heap   total 259072K, used 108241K [0x0000000080000000, 0x0000000100000000)
  region size 1024K, 1 young (1024K), 1 survivors (1024K)
 Metaspace       used 111623K, capacity 114510K, committed 114636K, reserved 1148928K
  class space    used 13982K, capacity 15013K, committed 15052K, reserved 1048576K
}
Event: 2402.140 GC heap before
{Heap before GC invocations=73 (full 0):
 garbage-first heap   total 259072K, used 189137K [0x0000000080000000, 0x0000000100000000)
  region size 1024K, 81 young (82944K), 1 survivors (1024K)
 Metaspace       used 111626K, capacity 114510K, committed 114636K, reserved 1148928K
  class space    used 13982K, capacity 15013K, committed 15052K, reserved 1048576K
}
Event: 2402.148 GC heap after
{Heap after GC invocations=74 (full 0):
 garbage-first heap   total 259072K, used 110145K [0x0000000080000000, 0x0000000100000000)
  region size 1024K, 3 young (3072K), 3 survivors (3072K)
 Metaspace       used 111626K, capacity 114510K, committed 114636K, reserved 1148928K
  class space    used 13982K, capacity 15013K, committed 15052K, reserved 1048576K
}
Event: 2405.204 GC heap before
{Heap before GC invocations=75 (full 0):
 garbage-first heap   total 259072K, used 195137K [0x0000000080000000, 0x0000000100000000)
  region size 1024K, 87 young (89088K), 3 survivors (3072K)
 Metaspace       used 111877K, capacity 114817K, committed 114892K, reserved 1148928K
  class space    used 14022K, capacity 15049K, committed 15052K, reserved 1048576K
}
Event: 2405.219 GC heap after
{Heap after GC invocations=76 (full 0):
 garbage-first heap   total 259072K, used 113903K [0x0000000080000000, 0x0000000100000000)
  region size 1024K, 7 young (7168K), 7 survivors (7168K)
 Metaspace       used 111877K, capacity 114817K, committed 114892K, reserved 1148928K
  class space    used 14022K, capacity 15049K, committed 15052K, reserved 1048576K
}
Event: 2406.069 GC heap before
{Heap before GC invocations=76 (full 0):
 garbage-first heap   total 259072K, used 144623K [0x0000000080000000, 0x0000000100000000)
  region size 1024K, 38 young (38912K), 7 survivors (7168K)
 Metaspace       used 112393K, capacity 115319K, committed 115532K, reserved 1148928K
  class space    used 14092K, capacity 15130K, committed 15180K, reserved 1048576K
}
Event: 2406.082 GC heap after
{Heap after GC invocations=77 (full 0):
 garbage-first heap   total 259072K, used 113719K [0x0000000080000000, 0x0000000100000000)
  region size 1024K, 6 young (6144K), 6 survivors (6144K)
 Metaspace       used 112393K, capacity 115319K, committed 115532K, reserved 1148928K
  class space    used 14092K, capacity 15130K, committed 15180K, reserved 1048576K
}
Event: 2408.804 GC heap before
{Heap before GC invocations=78 (full 0):
 garbage-first heap   total 259072K, used 209975K [0x0000000080000000, 0x0000000100000000)
  region size 1024K, 99 young (101376K), 6 survivors (6144K)
 Metaspace       used 122409K, capacity 125798K, committed 125900K, reserved 1159168K
  class space    used 15595K, capacity 16802K, committed 16844K, reserved 1048576K
}
Event: 2408.837 GC heap after
{Heap after GC invocations=79 (full 0):
 garbage-first heap   total 259072K, used 123610K [0x0000000080000000, 0x0000000100000000)
  region size 1024K, 13 young (13312K), 13 survivors (13312K)
 Metaspace       used 122409K, capacity 125798K, committed 125900K, reserved 1159168K
  class space    used 15595K, capacity 16802K, committed 16844K, reserved 1048576K
}
Event: 2411.202 GC heap before
{Heap before GC invocations=79 (full 0):
 garbage-first heap   total 259072K, used 206554K [0x0000000080000000, 0x0000000100000000)
  region size 1024K, 95 young (97280K), 13 survivors (13312K)
 Metaspace       used 125443K, capacity 129129K, committed 129228K, reserved 1161216K
  class space    used 15927K, capacity 17293K, committed 17356K, reserved 1048576K
}
Event: 2411.423 GC heap after
{Heap after GC invocations=80 (full 0):
 garbage-first heap   total 259072K, used 127074K [0x0000000080000000, 0x0000000100000000)
  region size 1024K, 6 young (6144K), 6 survivors (6144K)
 Metaspace       used 125443K, capacity 129129K, committed 129228K, reserved 1161216K
  class space    used 15927K, capacity 17293K, committed 17356K, reserved 1048576K
}

